Release 14.1 - Bitgen P.15xf (lin)
Copyright (c) 1995-2012 Xilinx, Inc.  All rights reserved.
Loading device for application Rf_Device from file '6slx16.nph' in environment
/usr/local/Xilinx/14.1/ISE_DS/ISE/.
   "top_level" is an NCD, version 3.2, device xc6slx16, package csg324, speed -3
Opened constraints file top_level.pcf.

Thu Feb 27 16:09:41 2014

/usr/local/Xilinx/14.1/ISE_DS/ISE/bin/lin/unwrapped/bitgen -intstyle silent -w top_level.ncd 

Summary of Bitgen Options:
+----------------------+----------------------+
| Option Name          | Current Setting      |
+----------------------+----------------------+
| Compress             | (Not Specified)*     |
+----------------------+----------------------+
| Readback             | (Not Specified)*     |
+----------------------+----------------------+
| CRC                  | Enable*              |
+----------------------+----------------------+
| DebugBitstream       | No*                  |
+----------------------+----------------------+
| ConfigRate           | 2*                   |
+----------------------+----------------------+
| StartupClk           | Cclk*                |
+----------------------+----------------------+
| DonePin              | Pullup*              |
+----------------------+----------------------+
| ProgPin              | Pullup*              |
+----------------------+----------------------+
| TckPin               | Pullup*              |
+----------------------+----------------------+
| TdiPin               | Pullup*              |
+----------------------+----------------------+
| TdoPin               | Pullup*              |
+----------------------+----------------------+
| TmsPin               | Pullup*              |
+----------------------+----------------------+
| UnusedPin            | Pulldown*            |
+----------------------+----------------------+
| GWE_cycle            | 6*                   |
+----------------------+----------------------+
| GTS_cycle            | 5*                   |
+----------------------+----------------------+
| LCK_cycle            | NoWait*              |
+----------------------+----------------------+
| DONE_cycle           | 4*                   |
+----------------------+----------------------+
| Persist              | No*                  |
+----------------------+----------------------+
| DriveDone            | No*                  |
+----------------------+----------------------+
| DonePipe             | No*                  |
+----------------------+----------------------+
| Security             | None*                |
+----------------------+----------------------+
| UserID               | 0xFFFFFFFF*          |
+----------------------+----------------------+
| ActiveReconfig       | No*                  |
+----------------------+----------------------+
| Partial              | (Not Specified)*     |
+----------------------+----------------------+
| Encrypt              | No*                  |
+----------------------+----------------------+
| Key0                 | pick*                |
+----------------------+----------------------+
| StartCBC             | pick*                |
+----------------------+----------------------+
| KeyFile              | (Not Specified)*     |
+----------------------+----------------------+
| drive_awake          | No*                  |
+----------------------+----------------------+
| Reset_on_err         | No*                  |
+----------------------+----------------------+
| suspend_filter       | Yes*                 |
+----------------------+----------------------+
| en_sw_gsr            | No*                  |
+----------------------+----------------------+
| en_suspend           | No*                  |
+----------------------+----------------------+
| sw_clk               | Startupclk*          |
+----------------------+----------------------+
| sw_gwe_cycle         | 5*                   |
+----------------------+----------------------+
| sw_gts_cycle         | 4*                   |
+----------------------+----------------------+
| multipin_wakeup      | No*                  |
+----------------------+----------------------+
| wakeup_mask          | 0x00*                |
+----------------------+----------------------+
| ExtMasterCclk_en     | No*                  |
+----------------------+----------------------+
| ExtMasterCclk_divide | 1*                   |
+----------------------+----------------------+
| MaskVectorFile       | No*                  |
+----------------------+----------------------+
| CrcCoverage          | No*                  |
+----------------------+----------------------+
| glutmask             | Yes*                 |
+----------------------+----------------------+
| next_config_addr     | 0x00000000*          |
+----------------------+----------------------+
| next_config_new_mode | No*                  |
+----------------------+----------------------+
| next_config_boot_mode | 001*                 |
+----------------------+----------------------+
| next_config_register_write | Enable*              |
+----------------------+----------------------+
| next_config_reboot   | Enable*              |
+----------------------+----------------------+
| golden_config_addr   | 0x00000000*          |
+----------------------+----------------------+
| failsafe_user        | 0x0000*              |
+----------------------+----------------------+
| TIMER_CFG            | None*                |
+----------------------+----------------------+
| spi_buswidth         | 1*                   |
+----------------------+----------------------+
| IEEE1532             | No*                  |
+----------------------+----------------------+
| Binary               | No*                  |
+----------------------+----------------------+
 *  Default setting.
 ** The specified setting matches the default setting.

There were 0 CONFIG constraint(s) processed from top_level.pcf.


Running DRC.
DRC detected 0 errors and 0 warnings.
Creating bit map...
Saving bit stream in "top_level.bit".
Bitstream generation is complete.
