Release 14.1 ngdbuild P.15xf (lin)
Copyright (c) 1995-2012 Xilinx, Inc.  All rights reserved.

Command Line: /usr/local/Xilinx/14.1/ISE_DS/ISE/bin/lin/unwrapped/ngdbuild
-intstyle silent -quiet -dd tmp -uc top_level.ucf -p xc6slx16-csg324-3
top_level.ngc top_level.ngd

Reading NGO file "/users/c/cummince/src/vhdl-exercises/ee4dna/cw2/top_level.ngc"
...
Gathering constraint information from source properties...
Done.

Annotating constraints to design from ucf file "top_level.ucf" ...
Resolving constraint associations...
Checking Constraint Associations...
Done...

Checking expanded design ...

Partition Implementation Status
-------------------------------

  No Partitions were found in this design.

-------------------------------

NGDBUILD Design Results Summary:
  Number of errors:     0
  Number of warnings:   0

Total memory usage is 102572 kilobytes

Writing NGD file "top_level.ngd" ...
Total REAL time to NGDBUILD completion:  6 sec
Total CPU time to NGDBUILD completion:   2 sec

Writing NGDBUILD log file "top_level.bld"...
